TN:
SF:src\api\paymentApi.js
FN:8,create
FN:28,confirm
FN:45,refund
FN:65,get
FN:77,getInvoicePayments
FN:89,getUserHistory
FN:110,getStats
FN:151,handlePaymentSuccess
FN:163,handlePaymentFailure
FN:178,formatAmount
FN:189,getGatewayName
FN:196,getPaymentStatus
FNF:12
FNH:12
FNDA:5,create
FNDA:3,confirm
FNDA:4,refund
FNDA:3,get
FNDA:4,getInvoicePayments
FNDA:5,getUserHistory
FNDA:2,getStats
FNDA:2,handlePaymentSuccess
FNDA:3,handlePaymentFailure
FNDA:1,formatAmount
FNDA:5,getGatewayName
FNDA:2,getPaymentStatus
DA:1,1
DA:3,1
DA:4,1
DA:5,1
DA:7,1
DA:8,1
DA:9,5
DA:10,5
DA:12,5
DA:13,5
DA:14,5
DA:15,5
DA:16,5
DA:17,5
DA:18,5
DA:20,2
DA:21,2
DA:22,5
DA:23,3
DA:24,3
DA:25,3
DA:26,1
DA:28,1
DA:29,3
DA:30,3
DA:32,3
DA:33,3
DA:34,3
DA:35,3
DA:37,1
DA:38,1
DA:39,3
DA:40,2
DA:41,2
DA:42,2
DA:43,1
DA:45,1
DA:46,4
DA:47,4
DA:49,4
DA:50,4
DA:51,4
DA:52,4
DA:53,4
DA:54,4
DA:55,4
DA:57,2
DA:58,2
DA:59,2
DA:60,2
DA:61,2
DA:62,2
DA:63,1
DA:65,1
DA:66,3
DA:67,3
DA:69,3
DA:70,1
DA:71,3
DA:72,2
DA:73,2
DA:74,2
DA:75,1
DA:77,1
DA:78,4
DA:79,4
DA:81,4
DA:82,4
DA:83,4
DA:84,2
DA:85,2
DA:86,2
DA:87,1
DA:89,1
DA:90,5
DA:91,5
DA:92,5
DA:94,5
DA:96,5
DA:97,5
DA:98,5
DA:100,5
DA:101,2
DA:102,2
DA:103,5
DA:104,5
DA:105,2
DA:106,2
DA:107,2
DA:108,1
DA:110,1
DA:111,2
DA:112,2
DA:114,2
DA:115,2
DA:116,2
DA:117,2
DA:118,2
DA:120,2
DA:121,2
DA:122,2
DA:123,1
DA:124,1
DA:125,1
DA:126,1
DA:127,1
DA:128,2
DA:129,2
DA:130,2
DA:132,2
DA:133,2
DA:134,2
DA:135,2
DA:136,2
DA:137,2
DA:138,2
DA:139,2
DA:140,2
DA:141,2
DA:142,2
DA:143,2
DA:144,2
DA:145,2
DA:146,2
DA:147,2
DA:148,2
DA:149,1
DA:151,1
DA:152,2
DA:153,2
DA:154,2
DA:155,1
DA:156,1
DA:157,1
DA:158,1
DA:159,1
DA:160,1
DA:161,1
DA:163,1
DA:164,3
DA:165,3
DA:167,3
DA:168,3
DA:169,3
DA:170,3
DA:171,3
DA:172,3
DA:173,1
DA:174,1
DA:175,1
DA:176,1
DA:178,1
DA:179,1
DA:180,1
DA:181,1
DA:182,1
DA:183,1
DA:184,1
DA:186,1
DA:187,1
DA:189,1
DA:190,5
DA:191,5
DA:192,5
DA:193,5
DA:194,1
DA:196,1
DA:197,2
DA:198,2
DA:199,2
DA:200,2
DA:201,2
DA:202,2
DA:203,2
DA:204,2
DA:205,2
DA:206,1
DA:207,1
DA:209,1
LF:179
LH:179
BRDA:8,0,0,5
BRDA:15,1,0,4
BRDA:16,2,0,4
BRDA:18,3,0,2
BRDA:22,4,0,3
BRDA:23,5,0,2
BRDA:23,6,0,1
BRDA:28,7,0,3
BRDA:35,8,0,1
BRDA:39,9,0,2
BRDA:40,10,0,1
BRDA:40,11,0,1
BRDA:45,12,0,4
BRDA:53,13,0,3
BRDA:55,14,0,2
BRDA:60,15,0,1
BRDA:60,16,0,1
BRDA:65,17,0,3
BRDA:69,18,0,1
BRDA:71,19,0,2
BRDA:72,20,0,1
BRDA:72,21,0,1
BRDA:77,22,0,4
BRDA:81,23,0,2
BRDA:82,24,0,1
BRDA:83,25,0,2
BRDA:84,26,0,1
BRDA:84,27,0,1
BRDA:89,28,0,5
BRDA:91,29,0,2
BRDA:92,30,0,4
BRDA:98,31,0,3
BRDA:100,32,0,2
BRDA:100,33,0,2
BRDA:102,34,0,1
BRDA:104,35,0,2
BRDA:105,36,0,1
BRDA:105,37,0,1
BRDA:110,38,0,2
BRDA:112,39,0,1
BRDA:112,40,0,1
BRDA:135,41,0,1
BRDA:135,42,0,1
BRDA:114,43,0,2
BRDA:114,44,0,0
BRDA:115,45,0,2
BRDA:115,46,0,0
BRDA:116,47,0,2
BRDA:117,48,0,0
BRDA:120,49,0,2
BRDA:121,50,0,1
BRDA:121,51,0,0
BRDA:122,52,0,1
BRDA:137,53,0,2
BRDA:140,54,0,0
BRDA:141,55,0,0
BRDA:142,56,0,1
BRDA:142,57,0,0
BRDA:143,58,0,0
BRDA:151,59,0,2
BRDA:154,60,0,1
BRDA:163,61,0,3
BRDA:172,62,0,1
BRDA:178,63,0,1
BRDA:189,64,0,5
BRDA:193,65,0,1
BRDA:196,66,0,2
BRDA:205,67,0,1
BRF:68
BRH:60
end_of_record
TN:
SF:src\hooks\useTruckWS.js
FN:5,useTruckWS
FN:11,onMessage
FNF:2
FNH:2
FNDA:5,useTruckWS
FNDA:3,onMessage
DA:1,1
DA:2,1
DA:3,1
DA:4,1
DA:5,1
DA:6,5
DA:7,5
DA:8,5
DA:9,5
DA:10,4
DA:11,4
DA:12,3
DA:13,1
DA:14,1
DA:15,4
DA:16,4
DA:17,4
DA:18,4
DA:19,4
DA:20,4
DA:21,1
DA:22,1
DA:23,4
DA:24,5
DA:25,5
DA:26,5
DA:27,5
LF:27
LH:27
BRDA:5,0,0,5
BRDA:9,1,0,4
BRDA:11,2,0,3
BRDA:12,3,0,2
BRDA:12,4,0,1
BRDA:17,5,0,4
BRDA:20,6,0,1
BRF:7
BRH:7
end_of_record
TN:
SF:src\routes\RequireAuth.jsx
FN:11,RequireAuth
FNF:1
FNH:1
FNDA:8,RequireAuth
DA:1,1
DA:2,1
DA:11,8
DA:12,8
DA:13,8
DA:15,8
DA:17,8
DA:18,1
DA:19,1
DA:20,8
DA:21,1
DA:22,1
DA:25,8
DA:26,4
DA:27,4
DA:28,4
DA:29,4
DA:30,4
DA:32,3
DA:33,3
LF:20
LH:20
BRDA:11,0,0,8
BRDA:15,1,0,1
BRDA:15,2,0,7
BRDA:17,3,0,1
BRDA:19,4,0,6
BRDA:20,5,0,1
BRDA:22,6,0,5
BRDA:25,7,0,4
BRDA:25,8,0,4
BRDA:26,9,0,3
BRDA:27,10,0,3
BRDA:27,11,0,2
BRDA:27,12,0,1
BRDA:29,13,0,2
BRDA:30,14,0,3
BRDA:28,15,0,4
BRF:16
BRH:16
end_of_record
TN:
SF:src\services\metaDataApi.js
FN:6,getTrailerTypes
FN:11,getShipmentTypes
FN:16,getLocations
FNF:3
FNH:3
FNDA:1,getTrailerTypes
FNDA:1,getShipmentTypes
FNDA:1,getLocations
DA:1,1
DA:2,1
DA:4,1
DA:5,1
DA:6,1
DA:7,1
DA:8,1
DA:9,1
DA:10,1
DA:11,1
DA:12,1
DA:13,1
DA:14,1
DA:15,1
DA:16,1
DA:17,1
DA:18,1
DA:19,1
LF:18
LH:18
BRDA:4,0,0,0
BRDA:6,1,0,1
BRDA:11,2,0,1
BRDA:16,3,0,1
BRF:4
BRH:3
end_of_record
TN:
SF:src\services\metaDataService.js
FN:7,getTrailerTypes
FN:17,getLocations
FNF:2
FNH:2
FNDA:3,getTrailerTypes
FNDA:3,getLocations
DA:1,1
DA:2,1
DA:3,1
DA:4,1
DA:5,1
DA:6,1
DA:7,1
DA:8,3
DA:9,3
DA:10,3
DA:11,3
DA:12,1
DA:13,1
DA:14,1
DA:15,1
DA:16,1
DA:17,1
DA:18,3
DA:19,3
DA:20,3
DA:21,3
DA:22,1
DA:23,1
DA:24,1
DA:25,3
DA:26,1
LF:26
LH:26
BRDA:7,0,0,3
BRDA:10,1,0,2
BRDA:10,2,0,1
BRDA:11,3,0,1
BRDA:17,4,0,3
BRDA:20,5,0,2
BRDA:20,6,0,1
BRDA:21,7,0,1
BRF:8
BRH:8
end_of_record
TN:
SF:src\utils\tierUtils.js
FN:16,normalizeTier
FN:21,formatTierLabel
FNF:2
FNH:2
FNDA:22,normalizeTier
FNDA:13,formatTierLabel
DA:1,1
DA:2,1
DA:3,1
DA:4,1
DA:5,1
DA:6,1
DA:7,1
DA:8,1
DA:9,1
DA:10,1
DA:11,1
DA:12,1
DA:13,1
DA:14,1
DA:15,1
DA:16,1
DA:17,22
DA:18,22
DA:19,22
DA:20,1
DA:21,1
DA:22,13
DA:23,13
DA:24,13
DA:25,13
DA:26,13
DA:27,13
DA:28,13
DA:29,1
DA:30,1
LF:30
LH:30
BRDA:16,0,0,22
BRDA:17,1,0,2
BRDA:18,2,0,5
BRDA:21,3,0,13
BRDA:22,4,0,2
BRDA:23,5,0,2
BRDA:24,6,0,11
BRDA:24,7,0,2
BRDA:25,8,0,9
BRDA:25,9,0,2
BRDA:26,10,0,7
BRDA:26,11,0,3
BRDA:27,12,0,4
BRDA:27,13,0,1
BRDA:28,14,0,3
BRDA:28,15,0,2
BRDA:29,16,0,1
BRF:17
BRH:17
end_of_record
