TN:
SF:src\api\paymentApi.js
FN:43,create
FN:73,confirm
FN:101,refund
FN:128,get
FN:148,getInvoicePayments
FN:172,getUserHistory
FN:198,handleSudapaySuccess
FN:222,handleSudapayFailure
FN:245,formatAmount
FN:263,getGatewayName
FN:279,getPaymentStatus
FNF:11
FNH:11
FNDA:5,create
FNDA:3,confirm
FNDA:4,refund
FNDA:3,get
FNDA:4,getInvoicePayments
FNDA:5,getUserHistory
FNDA:2,handleSudapaySuccess
FNDA:3,handleSudapayFailure
FNDA:1,formatAmount
FNDA:4,getGatewayName
FNDA:2,getPaymentStatus
DA:1,1
DA:2,1
DA:3,1
DA:4,1
DA:5,1
DA:6,1
DA:7,1
DA:8,1
DA:9,1
DA:10,1
DA:11,1
DA:12,1
DA:13,1
DA:14,1
DA:15,1
DA:16,1
DA:17,1
DA:18,1
DA:19,1
DA:20,1
DA:21,1
DA:22,1
DA:23,1
DA:24,1
DA:25,1
DA:26,1
DA:27,1
DA:28,1
DA:29,1
DA:30,1
DA:31,1
DA:32,1
DA:33,1
DA:34,1
DA:35,1
DA:36,1
DA:37,1
DA:38,1
DA:39,1
DA:40,1
DA:41,1
DA:42,1
DA:43,1
DA:44,5
DA:45,5
DA:46,5
DA:47,5
DA:48,5
DA:49,5
DA:50,5
DA:51,5
DA:52,5
DA:53,5
DA:54,2
DA:55,2
DA:56,2
DA:57,5
DA:58,3
DA:59,3
DA:60,3
DA:61,1
DA:62,1
DA:63,1
DA:64,1
DA:65,1
DA:66,1
DA:67,1
DA:68,1
DA:69,1
DA:70,1
DA:71,1
DA:72,1
DA:73,1
DA:74,3
DA:75,3
DA:76,3
DA:77,3
DA:78,3
DA:79,3
DA:80,3
DA:81,1
DA:82,1
DA:83,1
DA:84,3
DA:85,2
DA:86,2
DA:87,2
DA:88,1
DA:89,1
DA:90,1
DA:91,1
DA:92,1
DA:93,1
DA:94,1
DA:95,1
DA:96,1
DA:97,1
DA:98,1
DA:99,1
DA:100,1
DA:101,1
DA:102,4
DA:103,4
DA:104,4
DA:105,4
DA:106,4
DA:107,4
DA:108,4
DA:109,4
DA:110,4
DA:111,4
DA:112,2
DA:113,2
DA:114,2
DA:115,2
DA:116,2
DA:117,2
DA:118,2
DA:119,1
DA:120,1
DA:121,1
DA:122,1
DA:123,1
DA:124,1
DA:125,1
DA:126,1
DA:127,1
DA:128,1
DA:129,3
DA:130,3
DA:131,3
DA:132,3
DA:133,1
DA:134,1
DA:135,3
DA:136,2
DA:137,2
DA:138,2
DA:139,1
DA:140,1
DA:141,1
DA:142,1
DA:143,1
DA:144,1
DA:145,1
DA:146,1
DA:147,1
DA:148,1
DA:149,4
DA:150,4
DA:151,4
DA:152,4
DA:153,4
DA:154,4
DA:155,2
DA:156,4
DA:157,4
DA:158,2
DA:159,2
DA:160,2
DA:161,1
DA:162,1
DA:163,1
DA:164,1
DA:165,1
DA:166,1
DA:167,1
DA:168,1
DA:169,1
DA:170,1
DA:171,1
DA:172,1
DA:173,5
DA:174,5
DA:175,5
DA:176,5
DA:177,5
DA:178,5
DA:179,5
DA:180,5
DA:181,5
DA:182,3
DA:183,5
DA:184,5
DA:185,2
DA:186,2
DA:187,2
DA:188,1
DA:189,1
DA:190,1
DA:191,1
DA:192,1
DA:193,1
DA:194,1
DA:195,1
DA:196,1
DA:197,1
DA:198,1
DA:199,2
DA:200,2
DA:201,2
DA:202,2
DA:203,2
DA:204,1
DA:205,1
DA:206,1
DA:207,1
DA:208,1
DA:209,1
DA:210,1
DA:211,1
DA:212,1
DA:213,1
DA:214,1
DA:215,1
DA:216,1
DA:217,1
DA:218,1
DA:219,1
DA:220,1
DA:221,1
DA:222,1
DA:223,3
DA:224,3
DA:225,3
DA:226,3
DA:227,3
DA:228,3
DA:229,3
DA:230,3
DA:231,3
DA:232,1
DA:233,1
DA:234,1
DA:235,1
DA:236,1
DA:237,1
DA:238,1
DA:239,1
DA:240,1
DA:241,1
DA:242,1
DA:243,1
DA:244,1
DA:245,1
DA:246,1
DA:247,1
DA:248,1
DA:249,1
DA:250,1
DA:251,1
DA:252,1
DA:253,1
DA:254,1
DA:255,1
DA:256,1
DA:257,1
DA:258,1
DA:259,1
DA:260,1
DA:261,1
DA:262,1
DA:263,1
DA:264,4
DA:265,4
DA:266,4
DA:267,4
DA:268,4
DA:269,4
DA:270,1
DA:271,1
DA:272,1
DA:273,1
DA:274,1
DA:275,1
DA:276,1
DA:277,1
DA:278,1
DA:279,1
DA:280,2
DA:281,2
DA:282,2
DA:283,2
DA:284,2
DA:285,2
DA:286,2
DA:287,2
DA:288,2
DA:289,1
DA:290,1
DA:291,1
DA:292,1
LF:292
LH:292
BRDA:43,0,0,5
BRDA:50,1,0,4
BRDA:51,2,0,4
BRDA:54,3,0,2
BRDA:57,4,0,3
BRDA:58,5,0,2
BRDA:58,6,0,1
BRDA:73,7,0,3
BRDA:81,8,0,1
BRDA:84,9,0,2
BRDA:85,10,0,1
BRDA:85,11,0,1
BRDA:101,12,0,4
BRDA:109,13,0,3
BRDA:112,14,0,2
BRDA:116,15,0,1
BRDA:116,16,0,1
BRDA:128,17,0,3
BRDA:133,18,0,1
BRDA:135,19,0,2
BRDA:136,20,0,1
BRDA:136,21,0,1
BRDA:148,22,0,4
BRDA:155,23,0,2
BRDA:156,24,0,1
BRDA:157,25,0,2
BRDA:158,26,0,1
BRDA:158,27,0,1
BRDA:172,28,0,5
BRDA:174,29,0,2
BRDA:175,30,0,4
BRDA:182,31,0,3
BRDA:183,32,0,1
BRDA:184,33,0,2
BRDA:185,34,0,1
BRDA:185,35,0,1
BRDA:198,36,0,2
BRDA:204,37,0,1
BRDA:222,38,0,3
BRDA:231,39,0,1
BRDA:245,40,0,1
BRDA:263,41,0,4
BRDA:269,42,0,1
BRDA:279,43,0,2
BRDA:288,44,0,1
BRF:45
BRH:45
end_of_record
TN:
SF:src\hooks\useTruckWS.js
FN:5,useTruckWS
FN:11,onMessage
FNF:2
FNH:2
FNDA:5,useTruckWS
FNDA:3,onMessage
DA:1,1
DA:2,1
DA:3,1
DA:4,1
DA:5,1
DA:6,5
DA:7,5
DA:8,5
DA:9,5
DA:10,4
DA:11,4
DA:12,3
DA:13,1
DA:14,1
DA:15,4
DA:16,4
DA:17,4
DA:18,4
DA:19,4
DA:20,4
DA:21,1
DA:22,1
DA:23,4
DA:24,5
DA:25,5
DA:26,5
DA:27,5
LF:27
LH:27
BRDA:5,0,0,5
BRDA:9,1,0,4
BRDA:11,2,0,3
BRDA:12,3,0,2
BRDA:12,4,0,1
BRDA:17,5,0,4
BRDA:20,6,0,1
BRF:7
BRH:7
end_of_record
TN:
SF:src\routes\RequireAuth.jsx
FN:11,RequireAuth
FNF:1
FNH:1
FNDA:8,RequireAuth
DA:1,1
DA:2,1
DA:11,8
DA:12,8
DA:13,8
DA:15,8
DA:17,8
DA:18,1
DA:19,1
DA:20,8
DA:21,1
DA:22,1
DA:25,8
DA:26,4
DA:27,4
DA:28,4
DA:29,4
DA:30,4
DA:32,3
DA:33,3
LF:20
LH:20
BRDA:11,0,0,8
BRDA:15,1,0,1
BRDA:15,2,0,7
BRDA:17,3,0,1
BRDA:19,4,0,6
BRDA:20,5,0,1
BRDA:22,6,0,5
BRDA:25,7,0,4
BRDA:25,8,0,4
BRDA:26,9,0,3
BRDA:27,10,0,3
BRDA:27,11,0,2
BRDA:27,12,0,1
BRDA:29,13,0,2
BRDA:30,14,0,3
BRDA:28,15,0,4
BRF:16
BRH:16
end_of_record
TN:
SF:src\services\metaDataApi.js
FN:5,getTrailerTypes
FN:10,getShipmentTypes
FN:15,getLocations
FNF:3
FNH:3
FNDA:1,getTrailerTypes
FNDA:1,getShipmentTypes
FNDA:1,getLocations
DA:1,1
DA:2,1
DA:3,1
DA:4,1
DA:5,1
DA:6,1
DA:7,1
DA:8,1
DA:9,1
DA:10,1
DA:11,1
DA:12,1
DA:13,1
DA:14,1
DA:15,1
DA:16,1
DA:17,1
DA:18,1
LF:18
LH:18
BRDA:5,0,0,1
BRDA:10,1,0,1
BRDA:15,2,0,1
BRF:3
BRH:3
end_of_record
TN:
SF:src\services\metaDataService.js
FN:7,getTrailerTypes
FN:17,getLocations
FNF:2
FNH:2
FNDA:3,getTrailerTypes
FNDA:3,getLocations
DA:1,1
DA:2,1
DA:3,1
DA:4,1
DA:5,1
DA:6,1
DA:7,1
DA:8,3
DA:9,3
DA:10,3
DA:11,3
DA:12,1
DA:13,1
DA:14,1
DA:15,1
DA:16,1
DA:17,1
DA:18,3
DA:19,3
DA:20,3
DA:21,3
DA:22,1
DA:23,1
DA:24,1
DA:25,3
DA:26,1
LF:26
LH:26
BRDA:7,0,0,3
BRDA:10,1,0,2
BRDA:10,2,0,1
BRDA:11,3,0,1
BRDA:17,4,0,3
BRDA:20,5,0,2
BRDA:20,6,0,1
BRDA:21,7,0,1
BRF:8
BRH:8
end_of_record
TN:
SF:src\utils\tierUtils.js
FN:16,normalizeTier
FN:21,formatTierLabel
FNF:2
FNH:2
FNDA:22,normalizeTier
FNDA:13,formatTierLabel
DA:1,1
DA:2,1
DA:3,1
DA:4,1
DA:5,1
DA:6,1
DA:7,1
DA:8,1
DA:9,1
DA:10,1
DA:11,1
DA:12,1
DA:13,1
DA:14,1
DA:15,1
DA:16,1
DA:17,22
DA:18,22
DA:19,22
DA:20,1
DA:21,1
DA:22,13
DA:23,13
DA:24,13
DA:25,13
DA:26,13
DA:27,13
DA:28,13
DA:29,1
DA:30,1
LF:30
LH:30
BRDA:16,0,0,22
BRDA:17,1,0,2
BRDA:18,2,0,5
BRDA:21,3,0,13
BRDA:22,4,0,2
BRDA:23,5,0,2
BRDA:24,6,0,11
BRDA:24,7,0,2
BRDA:25,8,0,9
BRDA:25,9,0,2
BRDA:26,10,0,7
BRDA:26,11,0,3
BRDA:27,12,0,4
BRDA:27,13,0,1
BRDA:28,14,0,3
BRDA:28,15,0,2
BRDA:29,16,0,1
BRF:17
BRH:17
end_of_record
